2013-09-26 16:28:53,811 - Velocity successfully started.
2013-09-26 16:50:41,136 - SimpleLog4JLogSystem initialized using logfile 'velocity.log'
2013-09-26 16:50:41,137 - ************************************************************** 
2013-09-26 16:50:41,137 - Starting Jakarta Velocity v1.4
2013-09-26 16:50:41,137 - RuntimeInstance initializing.
2013-09-26 16:50:41,137 - Default Properties File: org/apache/velocity/runtime/defaults/velocity.properties
2013-09-26 16:50:41,137 - Trying to use logger class org.apache.velocity.runtime.log.SimpleLog4JLogSystem
2013-09-26 16:50:41,137 - Using logger class org.apache.velocity.runtime.log.SimpleLog4JLogSystem
2013-09-26 16:50:41,140 - Default ResourceManager initializing. (class org.apache.velocity.runtime.resource.ResourceManagerImpl)
2013-09-26 16:50:41,144 - Resource Loader Instantiated: org.apache.velocity.runtime.resource.loader.ClasspathResourceLoader
2013-09-26 16:50:41,144 - ClasspathResourceLoader : initialization starting.
2013-09-26 16:50:41,144 - ClasspathResourceLoader : initialization complete.
2013-09-26 16:50:41,146 - ResourceCache : initialized. (class org.apache.velocity.runtime.resource.ResourceCacheImpl)
2013-09-26 16:50:41,146 - Default ResourceManager initialization complete.
2013-09-26 16:50:41,148 - Loaded System Directive: org.apache.velocity.runtime.directive.Literal
2013-09-26 16:50:41,150 - Loaded System Directive: org.apache.velocity.runtime.directive.Macro
2013-09-26 16:50:41,153 - Loaded System Directive: org.apache.velocity.runtime.directive.Parse
2013-09-26 16:50:41,155 - Loaded System Directive: org.apache.velocity.runtime.directive.Include
2013-09-26 16:50:41,158 - Loaded System Directive: org.apache.velocity.runtime.directive.Foreach
2013-09-26 16:50:41,192 - Created: 20 parsers.
2013-09-26 16:50:41,200 - Velocimacro : initialization starting.
2013-09-26 16:50:41,200 - Velocimacro : adding VMs from VM library template : VM_global_library.vm
2013-09-26 16:50:41,206 - ResourceManager : unable to find resource 'VM_global_library.vm' in any resource loader.
2013-09-26 16:50:41,206 - Velocimacro : error using  VM library template VM_global_library.vm : org.apache.velocity.exception.ResourceNotFoundException: Unable to find resource 'VM_global_library.vm'
2013-09-26 16:50:41,206 - Velocimacro :  VM library template macro registration complete.
2013-09-26 16:50:41,206 - Velocimacro : allowInline = true : VMs can be defined inline in templates
2013-09-26 16:50:41,206 - Velocimacro : allowInlineToOverride = false : VMs defined inline may NOT replace previous VM definitions
2013-09-26 16:50:41,206 - Velocimacro : allowInlineLocal = false : VMs defined inline will be  global in scope if allowed.
2013-09-26 16:50:41,206 - Velocimacro : messages on  : VM system will output logging messages
2013-09-26 16:50:41,206 - Velocimacro : autoload off  : VM system will not automatically reload global library macros
2013-09-26 16:50:41,206 - Velocimacro : initialization complete.
2013-09-26 16:50:41,206 - Velocity successfully started.
2013-09-26 17:02:43,575 - SimpleLog4JLogSystem initialized using logfile 'velocity.log'
2013-09-26 17:02:43,576 - ************************************************************** 
2013-09-26 17:02:43,576 - Starting Jakarta Velocity v1.4
2013-09-26 17:02:43,576 - RuntimeInstance initializing.
2013-09-26 17:02:43,576 - Default Properties File: org/apache/velocity/runtime/defaults/velocity.properties
2013-09-26 17:02:43,576 - Trying to use logger class org.apache.velocity.runtime.log.SimpleLog4JLogSystem
2013-09-26 17:02:43,576 - Using logger class org.apache.velocity.runtime.log.SimpleLog4JLogSystem
2013-09-26 17:02:43,579 - Default ResourceManager initializing. (class org.apache.velocity.runtime.resource.ResourceManagerImpl)
2013-09-26 17:02:43,581 - Resource Loader Instantiated: org.apache.velocity.runtime.resource.loader.ClasspathResourceLoader
2013-09-26 17:02:43,581 - ClasspathResourceLoader : initialization starting.
2013-09-26 17:02:43,582 - ClasspathResourceLoader : initialization complete.
2013-09-26 17:02:43,583 - ResourceCache : initialized. (class org.apache.velocity.runtime.resource.ResourceCacheImpl)
2013-09-26 17:02:43,583 - Default ResourceManager initialization complete.
2013-09-26 17:02:43,587 - Loaded System Directive: org.apache.velocity.runtime.directive.Literal
2013-09-26 17:02:43,589 - Loaded System Directive: org.apache.velocity.runtime.directive.Macro
2013-09-26 17:02:43,591 - Loaded System Directive: org.apache.velocity.runtime.directive.Parse
2013-09-26 17:02:43,593 - Loaded System Directive: org.apache.velocity.runtime.directive.Include
2013-09-26 17:02:43,594 - Loaded System Directive: org.apache.velocity.runtime.directive.Foreach
2013-09-26 17:02:43,623 - Created: 20 parsers.
2013-09-26 17:02:43,629 - Velocimacro : initialization starting.
2013-09-26 17:02:43,629 - Velocimacro : adding VMs from VM library template : VM_global_library.vm
2013-09-26 17:02:43,636 - ResourceManager : unable to find resource 'VM_global_library.vm' in any resource loader.
2013-09-26 17:02:43,636 - Velocimacro : error using  VM library template VM_global_library.vm : org.apache.velocity.exception.ResourceNotFoundException: Unable to find resource 'VM_global_library.vm'
2013-09-26 17:02:43,636 - Velocimacro :  VM library template macro registration complete.
2013-09-26 17:02:43,636 - Velocimacro : allowInline = true : VMs can be defined inline in templates
2013-09-26 17:02:43,637 - Velocimacro : allowInlineToOverride = false : VMs defined inline may NOT replace previous VM definitions
2013-09-26 17:02:43,637 - Velocimacro : allowInlineLocal = false : VMs defined inline will be  global in scope if allowed.
2013-09-26 17:02:43,637 - Velocimacro : messages on  : VM system will output logging messages
2013-09-26 17:02:43,637 - Velocimacro : autoload off  : VM system will not automatically reload global library macros
2013-09-26 17:02:43,637 - Velocimacro : initialization complete.
2013-09-26 17:02:43,637 - Velocity successfully started.
2013-09-26 17:05:47,296 - SimpleLog4JLogSystem initialized using logfile 'velocity.log'
2013-09-26 17:05:47,297 - ************************************************************** 
2013-09-26 17:05:47,297 - Starting Jakarta Velocity v1.4
2013-09-26 17:05:47,297 - RuntimeInstance initializing.
2013-09-26 17:05:47,297 - Default Properties File: org/apache/velocity/runtime/defaults/velocity.properties
2013-09-26 17:05:47,297 - Trying to use logger class org.apache.velocity.runtime.log.SimpleLog4JLogSystem
2013-09-26 17:05:47,297 - Using logger class org.apache.velocity.runtime.log.SimpleLog4JLogSystem
2013-09-26 17:05:47,302 - Default ResourceManager initializing. (class org.apache.velocity.runtime.resource.ResourceManagerImpl)
2013-09-26 17:05:47,305 - Resource Loader Instantiated: org.apache.velocity.runtime.resource.loader.ClasspathResourceLoader
2013-09-26 17:05:47,306 - ClasspathResourceLoader : initialization starting.
2013-09-26 17:05:47,306 - ClasspathResourceLoader : initialization complete.
2013-09-26 17:05:47,308 - ResourceCache : initialized. (class org.apache.velocity.runtime.resource.ResourceCacheImpl)
2013-09-26 17:05:47,308 - Default ResourceManager initialization complete.
2013-09-26 17:05:47,310 - Loaded System Directive: org.apache.velocity.runtime.directive.Literal
2013-09-26 17:05:47,313 - Loaded System Directive: org.apache.velocity.runtime.directive.Macro
2013-09-26 17:05:47,317 - Loaded System Directive: org.apache.velocity.runtime.directive.Parse
2013-09-26 17:05:47,319 - Loaded System Directive: org.apache.velocity.runtime.directive.Include
2013-09-26 17:05:47,320 - Loaded System Directive: org.apache.velocity.runtime.directive.Foreach
2013-09-26 17:05:47,356 - Created: 20 parsers.
2013-09-26 17:05:47,362 - Velocimacro : initialization starting.
2013-09-26 17:05:47,362 - Velocimacro : adding VMs from VM library template : VM_global_library.vm
2013-09-26 17:05:47,367 - ResourceManager : unable to find resource 'VM_global_library.vm' in any resource loader.
2013-09-26 17:05:47,367 - Velocimacro : error using  VM library template VM_global_library.vm : org.apache.velocity.exception.ResourceNotFoundException: Unable to find resource 'VM_global_library.vm'
2013-09-26 17:05:47,367 - Velocimacro :  VM library template macro registration complete.
2013-09-26 17:05:47,367 - Velocimacro : allowInline = true : VMs can be defined inline in templates
2013-09-26 17:05:47,367 - Velocimacro : allowInlineToOverride = false : VMs defined inline may NOT replace previous VM definitions
2013-09-26 17:05:47,367 - Velocimacro : allowInlineLocal = false : VMs defined inline will be  global in scope if allowed.
2013-09-26 17:05:47,367 - Velocimacro : messages on  : VM system will output logging messages
2013-09-26 17:05:47,367 - Velocimacro : autoload off  : VM system will not automatically reload global library macros
2013-09-26 17:05:47,367 - Velocimacro : initialization complete.
2013-09-26 17:05:47,368 - Velocity successfully started.
2013-09-26 17:09:10,397 - SimpleLog4JLogSystem initialized using logfile 'velocity.log'
2013-09-26 17:09:10,416 - ************************************************************** 
2013-09-26 17:09:10,416 - Starting Jakarta Velocity v1.4
2013-09-26 17:09:10,416 - RuntimeInstance initializing.
2013-09-26 17:09:10,416 - Default Properties File: org/apache/velocity/runtime/defaults/velocity.properties
2013-09-26 17:09:10,416 - Trying to use logger class org.apache.velocity.runtime.log.SimpleLog4JLogSystem
2013-09-26 17:09:10,416 - Using logger class org.apache.velocity.runtime.log.SimpleLog4JLogSystem
2013-09-26 17:09:10,419 - Default ResourceManager initializing. (class org.apache.velocity.runtime.resource.ResourceManagerImpl)
2013-09-26 17:09:10,422 - Resource Loader Instantiated: org.apache.velocity.runtime.resource.loader.ClasspathResourceLoader
2013-09-26 17:09:10,422 - ClasspathResourceLoader : initialization starting.
2013-09-26 17:09:10,422 - ClasspathResourceLoader : initialization complete.
2013-09-26 17:09:10,424 - ResourceCache : initialized. (class org.apache.velocity.runtime.resource.ResourceCacheImpl)
2013-09-26 17:09:10,424 - Default ResourceManager initialization complete.
2013-09-26 17:09:10,426 - Loaded System Directive: org.apache.velocity.runtime.directive.Literal
2013-09-26 17:09:10,428 - Loaded System Directive: org.apache.velocity.runtime.directive.Macro
2013-09-26 17:09:10,431 - Loaded System Directive: org.apache.velocity.runtime.directive.Parse
2013-09-26 17:09:10,434 - Loaded System Directive: org.apache.velocity.runtime.directive.Include
2013-09-26 17:09:10,435 - Loaded System Directive: org.apache.velocity.runtime.directive.Foreach
2013-09-26 17:09:10,474 - Created: 20 parsers.
2013-09-26 17:09:10,481 - Velocimacro : initialization starting.
2013-09-26 17:09:10,481 - Velocimacro : adding VMs from VM library template : VM_global_library.vm
2013-09-26 17:09:10,485 - ResourceManager : unable to find resource 'VM_global_library.vm' in any resource loader.
2013-09-26 17:09:10,485 - Velocimacro : error using  VM library template VM_global_library.vm : org.apache.velocity.exception.ResourceNotFoundException: Unable to find resource 'VM_global_library.vm'
2013-09-26 17:09:10,485 - Velocimacro :  VM library template macro registration complete.
2013-09-26 17:09:10,485 - Velocimacro : allowInline = true : VMs can be defined inline in templates
2013-09-26 17:09:10,485 - Velocimacro : allowInlineToOverride = false : VMs defined inline may NOT replace previous VM definitions
2013-09-26 17:09:10,485 - Velocimacro : allowInlineLocal = false : VMs defined inline will be  global in scope if allowed.
2013-09-26 17:09:10,485 - Velocimacro : messages on  : VM system will output logging messages
2013-09-26 17:09:10,485 - Velocimacro : autoload off  : VM system will not automatically reload global library macros
2013-09-26 17:09:10,485 - Velocimacro : initialization complete.
2013-09-26 17:09:10,485 - Velocity successfully started.
2013-09-26 17:11:16,802 - SimpleLog4JLogSystem initialized using logfile 'velocity.log'
2013-09-26 17:11:16,833 - ************************************************************** 
2013-09-26 17:11:16,833 - Starting Jakarta Velocity v1.4
2013-09-26 17:11:16,833 - RuntimeInstance initializing.
2013-09-26 17:11:16,834 - Default Properties File: org/apache/velocity/runtime/defaults/velocity.properties
2013-09-26 17:11:16,834 - Trying to use logger class org.apache.velocity.runtime.log.SimpleLog4JLogSystem
2013-09-26 17:11:16,834 - Using logger class org.apache.velocity.runtime.log.SimpleLog4JLogSystem
2013-09-26 17:11:16,839 - Default ResourceManager initializing. (class org.apache.velocity.runtime.resource.ResourceManagerImpl)
2013-09-26 17:11:16,843 - Resource Loader Instantiated: org.apache.velocity.runtime.resource.loader.ClasspathResourceLoader
2013-09-26 17:11:16,843 - ClasspathResourceLoader : initialization starting.
2013-09-26 17:11:16,843 - ClasspathResourceLoader : initialization complete.
2013-09-26 17:11:16,845 - ResourceCache : initialized. (class org.apache.velocity.runtime.resource.ResourceCacheImpl)
2013-09-26 17:11:16,845 - Default ResourceManager initialization complete.
2013-09-26 17:11:16,847 - Loaded System Directive: org.apache.velocity.runtime.directive.Literal
2013-09-26 17:11:16,848 - Loaded System Directive: org.apache.velocity.runtime.directive.Macro
2013-09-26 17:11:16,851 - Loaded System Directive: org.apache.velocity.runtime.directive.Parse
2013-09-26 17:11:16,852 - Loaded System Directive: org.apache.velocity.runtime.directive.Include
2013-09-26 17:11:16,853 - Loaded System Directive: org.apache.velocity.runtime.directive.Foreach
2013-09-26 17:11:16,884 - Created: 20 parsers.
2013-09-26 17:11:16,891 - Velocimacro : initialization starting.
2013-09-26 17:11:16,891 - Velocimacro : adding VMs from VM library template : VM_global_library.vm
2013-09-26 17:11:16,895 - ResourceManager : unable to find resource 'VM_global_library.vm' in any resource loader.
2013-09-26 17:11:16,895 - Velocimacro : error using  VM library template VM_global_library.vm : org.apache.velocity.exception.ResourceNotFoundException: Unable to find resource 'VM_global_library.vm'
2013-09-26 17:11:16,895 - Velocimacro :  VM library template macro registration complete.
2013-09-26 17:11:16,895 - Velocimacro : allowInline = true : VMs can be defined inline in templates
2013-09-26 17:11:16,895 - Velocimacro : allowInlineToOverride = false : VMs defined inline may NOT replace previous VM definitions
2013-09-26 17:11:16,895 - Velocimacro : allowInlineLocal = false : VMs defined inline will be  global in scope if allowed.
2013-09-26 17:11:16,896 - Velocimacro : messages on  : VM system will output logging messages
2013-09-26 17:11:16,896 - Velocimacro : autoload off  : VM system will not automatically reload global library macros
2013-09-26 17:11:16,896 - Velocimacro : initialization complete.
2013-09-26 17:11:16,896 - Velocity successfully started.
2013-09-26 17:14:13,979 - SimpleLog4JLogSystem initialized using logfile 'velocity.log'
2013-09-26 17:14:13,979 - ************************************************************** 
2013-09-26 17:14:13,979 - Starting Jakarta Velocity v1.4
2013-09-26 17:14:13,979 - RuntimeInstance initializing.
2013-09-26 17:14:13,979 - Default Properties File: org/apache/velocity/runtime/defaults/velocity.properties
2013-09-26 17:14:13,979 - Trying to use logger class org.apache.velocity.runtime.log.SimpleLog4JLogSystem
2013-09-26 17:14:13,979 - Using logger class org.apache.velocity.runtime.log.SimpleLog4JLogSystem
2013-09-26 17:14:13,982 - Default ResourceManager initializing. (class org.apache.velocity.runtime.resource.ResourceManagerImpl)
2013-09-26 17:14:13,985 - Resource Loader Instantiated: org.apache.velocity.runtime.resource.loader.ClasspathResourceLoader
2013-09-26 17:14:13,985 - ClasspathResourceLoader : initialization starting.
2013-09-26 17:14:13,985 - ClasspathResourceLoader : initialization complete.
2013-09-26 17:14:13,986 - ResourceCache : initialized. (class org.apache.velocity.runtime.resource.ResourceCacheImpl)
2013-09-26 17:14:13,987 - Default ResourceManager initialization complete.
2013-09-26 17:14:13,993 - Loaded System Directive: org.apache.velocity.runtime.directive.Literal
2013-09-26 17:14:13,994 - Loaded System Directive: org.apache.velocity.runtime.directive.Macro
2013-09-26 17:14:13,997 - Loaded System Directive: org.apache.velocity.runtime.directive.Parse
2013-09-26 17:14:13,998 - Loaded System Directive: org.apache.velocity.runtime.directive.Include
2013-09-26 17:14:13,999 - Loaded System Directive: org.apache.velocity.runtime.directive.Foreach
2013-09-26 17:14:14,031 - Created: 20 parsers.
2013-09-26 17:14:14,038 - Velocimacro : initialization starting.
2013-09-26 17:14:14,038 - Velocimacro : adding VMs from VM library template : VM_global_library.vm
2013-09-26 17:14:14,050 - ResourceManager : unable to find resource 'VM_global_library.vm' in any resource loader.
2013-09-26 17:14:14,050 - Velocimacro : error using  VM library template VM_global_library.vm : org.apache.velocity.exception.ResourceNotFoundException: Unable to find resource 'VM_global_library.vm'
2013-09-26 17:14:14,050 - Velocimacro :  VM library template macro registration complete.
2013-09-26 17:14:14,051 - Velocimacro : allowInline = true : VMs can be defined inline in templates
2013-09-26 17:14:14,051 - Velocimacro : allowInlineToOverride = false : VMs defined inline may NOT replace previous VM definitions
2013-09-26 17:14:14,051 - Velocimacro : allowInlineLocal = false : VMs defined inline will be  global in scope if allowed.
2013-09-26 17:14:14,051 - Velocimacro : messages on  : VM system will output logging messages
2013-09-26 17:14:14,051 - Velocimacro : autoload off  : VM system will not automatically reload global library macros
2013-09-26 17:14:14,051 - Velocimacro : initialization complete.
2013-09-26 17:14:14,051 - Velocity successfully started.
2013-09-26 17:15:42,051 - SimpleLog4JLogSystem initialized using logfile 'velocity.log'
2013-09-26 17:15:42,051 - ************************************************************** 
2013-09-26 17:15:42,051 - Starting Jakarta Velocity v1.4
2013-09-26 17:15:42,051 - RuntimeInstance initializing.
2013-09-26 17:15:42,051 - Default Properties File: org/apache/velocity/runtime/defaults/velocity.properties
2013-09-26 17:15:42,051 - Trying to use logger class org.apache.velocity.runtime.log.SimpleLog4JLogSystem
2013-09-26 17:15:42,051 - Using logger class org.apache.velocity.runtime.log.SimpleLog4JLogSystem
2013-09-26 17:15:42,054 - Default ResourceManager initializing. (class org.apache.velocity.runtime.resource.ResourceManagerImpl)
2013-09-26 17:15:42,057 - Resource Loader Instantiated: org.apache.velocity.runtime.resource.loader.ClasspathResourceLoader
2013-09-26 17:15:42,057 - ClasspathResourceLoader : initialization starting.
2013-09-26 17:15:42,057 - ClasspathResourceLoader : initialization complete.
2013-09-26 17:15:42,058 - ResourceCache : initialized. (class org.apache.velocity.runtime.resource.ResourceCacheImpl)
2013-09-26 17:15:42,058 - Default ResourceManager initialization complete.
2013-09-26 17:15:42,060 - Loaded System Directive: org.apache.velocity.runtime.directive.Literal
2013-09-26 17:15:42,062 - Loaded System Directive: org.apache.velocity.runtime.directive.Macro
2013-09-26 17:15:42,064 - Loaded System Directive: org.apache.velocity.runtime.directive.Parse
2013-09-26 17:15:42,065 - Loaded System Directive: org.apache.velocity.runtime.directive.Include
2013-09-26 17:15:42,066 - Loaded System Directive: org.apache.velocity.runtime.directive.Foreach
2013-09-26 17:15:42,092 - Created: 20 parsers.
2013-09-26 17:15:42,098 - Velocimacro : initialization starting.
2013-09-26 17:15:42,098 - Velocimacro : adding VMs from VM library template : VM_global_library.vm
2013-09-26 17:15:42,102 - ResourceManager : unable to find resource 'VM_global_library.vm' in any resource loader.
2013-09-26 17:15:42,103 - Velocimacro : error using  VM library template VM_global_library.vm : org.apache.velocity.exception.ResourceNotFoundException: Unable to find resource 'VM_global_library.vm'
2013-09-26 17:15:42,103 - Velocimacro :  VM library template macro registration complete.
2013-09-26 17:15:42,103 - Velocimacro : allowInline = true : VMs can be defined inline in templates
2013-09-26 17:15:42,103 - Velocimacro : allowInlineToOverride = false : VMs defined inline may NOT replace previous VM definitions
2013-09-26 17:15:42,103 - Velocimacro : allowInlineLocal = false : VMs defined inline will be  global in scope if allowed.
2013-09-26 17:15:42,103 - Velocimacro : messages on  : VM system will output logging messages
2013-09-26 17:15:42,103 - Velocimacro : autoload off  : VM system will not automatically reload global library macros
2013-09-26 17:15:42,103 - Velocimacro : initialization complete.
2013-09-26 17:15:42,103 - Velocity successfully started.
2013-09-26 17:20:40,001 - SimpleLog4JLogSystem initialized using logfile 'velocity.log'
2013-09-26 17:20:40,001 - ************************************************************** 
2013-09-26 17:20:40,001 - Starting Jakarta Velocity v1.4
2013-09-26 17:20:40,001 - RuntimeInstance initializing.
2013-09-26 17:20:40,002 - Default Properties File: org/apache/velocity/runtime/defaults/velocity.properties
2013-09-26 17:20:40,002 - Trying to use logger class org.apache.velocity.runtime.log.SimpleLog4JLogSystem
2013-09-26 17:20:40,002 - Using logger class org.apache.velocity.runtime.log.SimpleLog4JLogSystem
2013-09-26 17:20:40,006 - Default ResourceManager initializing. (class org.apache.velocity.runtime.resource.ResourceManagerImpl)
2013-09-26 17:20:40,009 - Resource Loader Instantiated: org.apache.velocity.runtime.resource.loader.ClasspathResourceLoader
2013-09-26 17:20:40,009 - ClasspathResourceLoader : initialization starting.
2013-09-26 17:20:40,009 - ClasspathResourceLoader : initialization complete.
2013-09-26 17:20:40,011 - ResourceCache : initialized. (class org.apache.velocity.runtime.resource.ResourceCacheImpl)
2013-09-26 17:20:40,011 - Default ResourceManager initialization complete.
2013-09-26 17:20:40,012 - Loaded System Directive: org.apache.velocity.runtime.directive.Literal
2013-09-26 17:20:40,013 - Loaded System Directive: org.apache.velocity.runtime.directive.Macro
2013-09-26 17:20:40,016 - Loaded System Directive: org.apache.velocity.runtime.directive.Parse
2013-09-26 17:20:40,017 - Loaded System Directive: org.apache.velocity.runtime.directive.Include
2013-09-26 17:20:40,018 - Loaded System Directive: org.apache.velocity.runtime.directive.Foreach
2013-09-26 17:20:40,050 - Created: 20 parsers.
2013-09-26 17:20:40,061 - Velocimacro : initialization starting.
2013-09-26 17:20:40,061 - Velocimacro : adding VMs from VM library template : VM_global_library.vm
2013-09-26 17:20:40,068 - ResourceManager : unable to find resource 'VM_global_library.vm' in any resource loader.
2013-09-26 17:20:40,068 - Velocimacro : error using  VM library template VM_global_library.vm : org.apache.velocity.exception.ResourceNotFoundException: Unable to find resource 'VM_global_library.vm'
2013-09-26 17:20:40,068 - Velocimacro :  VM library template macro registration complete.
2013-09-26 17:20:40,068 - Velocimacro : allowInline = true : VMs can be defined inline in templates
2013-09-26 17:20:40,068 - Velocimacro : allowInlineToOverride = false : VMs defined inline may NOT replace previous VM definitions
2013-09-26 17:20:40,068 - Velocimacro : allowInlineLocal = false : VMs defined inline will be  global in scope if allowed.
2013-09-26 17:20:40,068 - Velocimacro : messages on  : VM system will output logging messages
2013-09-26 17:20:40,068 - Velocimacro : autoload off  : VM system will not automatically reload global library macros
2013-09-26 17:20:40,068 - Velocimacro : initialization complete.
2013-09-26 17:20:40,068 - Velocity successfully started.
2013-09-26 17:23:00,239 - SimpleLog4JLogSystem initialized using logfile 'velocity.log'
2013-09-26 17:23:00,240 - ************************************************************** 
2013-09-26 17:23:00,240 - Starting Jakarta Velocity v1.4
2013-09-26 17:23:00,240 - RuntimeInstance initializing.
2013-09-26 17:23:00,240 - Default Properties File: org/apache/velocity/runtime/defaults/velocity.properties
2013-09-26 17:23:00,240 - Trying to use logger class org.apache.velocity.runtime.log.SimpleLog4JLogSystem
2013-09-26 17:23:00,240 - Using logger class org.apache.velocity.runtime.log.SimpleLog4JLogSystem
2013-09-26 17:23:00,245 - Default ResourceManager initializing. (class org.apache.velocity.runtime.resource.ResourceManagerImpl)
2013-09-26 17:23:00,249 - Resource Loader Instantiated: org.apache.velocity.runtime.resource.loader.ClasspathResourceLoader
2013-09-26 17:23:00,249 - ClasspathResourceLoader : initialization starting.
2013-09-26 17:23:00,249 - ClasspathResourceLoader : initialization complete.
2013-09-26 17:23:00,250 - ResourceCache : initialized. (class org.apache.velocity.runtime.resource.ResourceCacheImpl)
2013-09-26 17:23:00,250 - Default ResourceManager initialization complete.
2013-09-26 17:23:00,252 - Loaded System Directive: org.apache.velocity.runtime.directive.Literal
2013-09-26 17:23:00,253 - Loaded System Directive: org.apache.velocity.runtime.directive.Macro
2013-09-26 17:23:00,257 - Loaded System Directive: org.apache.velocity.runtime.directive.Parse
2013-09-26 17:23:00,260 - Loaded System Directive: org.apache.velocity.runtime.directive.Include
2013-09-26 17:23:00,261 - Loaded System Directive: org.apache.velocity.runtime.directive.Foreach
2013-09-26 17:23:00,288 - Created: 20 parsers.
2013-09-26 17:23:00,295 - Velocimacro : initialization starting.
2013-09-26 17:23:00,295 - Velocimacro : adding VMs from VM library template : VM_global_library.vm
2013-09-26 17:23:00,299 - ResourceManager : unable to find resource 'VM_global_library.vm' in any resource loader.
2013-09-26 17:23:00,299 - Velocimacro : error using  VM library template VM_global_library.vm : org.apache.velocity.exception.ResourceNotFoundException: Unable to find resource 'VM_global_library.vm'
2013-09-26 17:23:00,299 - Velocimacro :  VM library template macro registration complete.
2013-09-26 17:23:00,299 - Velocimacro : allowInline = true : VMs can be defined inline in templates
2013-09-26 17:23:00,299 - Velocimacro : allowInlineToOverride = false : VMs defined inline may NOT replace previous VM definitions
2013-09-26 17:23:00,299 - Velocimacro : allowInlineLocal = false : VMs defined inline will be  global in scope if allowed.
2013-09-26 17:23:00,299 - Velocimacro : messages on  : VM system will output logging messages
2013-09-26 17:23:00,299 - Velocimacro : autoload off  : VM system will not automatically reload global library macros
2013-09-26 17:23:00,299 - Velocimacro : initialization complete.
2013-09-26 17:23:00,299 - Velocity successfully started.
2013-09-27 17:31:24,749 - SimpleLog4JLogSystem initialized using logfile 'velocity.log'
2013-09-27 17:31:24,760 - ************************************************************** 
2013-09-27 17:31:24,760 - Starting Jakarta Velocity v1.4
2013-09-27 17:31:24,761 - RuntimeInstance initializing.
2013-09-27 17:31:24,761 - Default Properties File: org/apache/velocity/runtime/defaults/velocity.properties
2013-09-27 17:31:24,761 - Trying to use logger class org.apache.velocity.runtime.log.SimpleLog4JLogSystem
2013-09-27 17:31:24,761 - Using logger class org.apache.velocity.runtime.log.SimpleLog4JLogSystem
2013-09-27 17:31:24,767 - Default ResourceManager initializing. (class org.apache.velocity.runtime.resource.ResourceManagerImpl)
2013-09-27 17:31:24,771 - Resource Loader Instantiated: org.apache.velocity.runtime.resource.loader.ClasspathResourceLoader
2013-09-27 17:31:24,772 - ClasspathResourceLoader : initialization starting.
2013-09-27 17:31:24,772 - ClasspathResourceLoader : initialization complete.
2013-09-27 17:31:24,774 - ResourceCache : initialized. (class org.apache.velocity.runtime.resource.ResourceCacheImpl)
2013-09-27 17:31:24,774 - Default ResourceManager initialization complete.
2013-09-27 17:31:24,776 - Loaded System Directive: org.apache.velocity.runtime.directive.Literal
2013-09-27 17:31:24,778 - Loaded System Directive: org.apache.velocity.runtime.directive.Macro
2013-09-27 17:31:24,781 - Loaded System Directive: org.apache.velocity.runtime.directive.Parse
2013-09-27 17:31:24,783 - Loaded System Directive: org.apache.velocity.runtime.directive.Include
2013-09-27 17:31:24,784 - Loaded System Directive: org.apache.velocity.runtime.directive.Foreach
2013-09-27 17:31:24,819 - Created: 20 parsers.
2013-09-27 17:31:24,828 - Velocimacro : initialization starting.
2013-09-27 17:31:24,828 - Velocimacro : adding VMs from VM library template : VM_global_library.vm
2013-09-27 17:31:24,833 - ResourceManager : unable to find resource 'VM_global_library.vm' in any resource loader.
2013-09-27 17:31:24,833 - Velocimacro : error using  VM library template VM_global_library.vm : org.apache.velocity.exception.ResourceNotFoundException: Unable to find resource 'VM_global_library.vm'
2013-09-27 17:31:24,833 - Velocimacro :  VM library template macro registration complete.
2013-09-27 17:31:24,833 - Velocimacro : allowInline = true : VMs can be defined inline in templates
2013-09-27 17:31:24,833 - Velocimacro : allowInlineToOverride = false : VMs defined inline may NOT replace previous VM definitions
2013-09-27 17:31:24,833 - Velocimacro : allowInlineLocal = false : VMs defined inline will be  global in scope if allowed.
2013-09-27 17:31:24,833 - Velocimacro : messages on  : VM system will output logging messages
2013-09-27 17:31:24,833 - Velocimacro : autoload off  : VM system will not automatically reload global library macros
2013-09-27 17:31:24,833 - Velocimacro : initialization complete.
2013-09-27 17:31:24,834 - Velocity successfully started.
2013-09-27 17:44:27,641 - SimpleLog4JLogSystem initialized using logfile 'velocity.log'
2013-09-27 17:44:27,642 - ************************************************************** 
2013-09-27 17:44:27,642 - Starting Jakarta Velocity v1.4
2013-09-27 17:44:27,642 - RuntimeInstance initializing.
2013-09-27 17:44:27,642 - Default Properties File: org/apache/velocity/runtime/defaults/velocity.properties
2013-09-27 17:44:27,642 - Trying to use logger class org.apache.velocity.runtime.log.SimpleLog4JLogSystem
2013-09-27 17:44:27,642 - Using logger class org.apache.velocity.runtime.log.SimpleLog4JLogSystem
2013-09-27 17:44:27,647 - Default ResourceManager initializing. (class org.apache.velocity.runtime.resource.ResourceManagerImpl)
2013-09-27 17:44:27,649 - Resource Loader Instantiated: org.apache.velocity.runtime.resource.loader.ClasspathResourceLoader
2013-09-27 17:44:27,649 - ClasspathResourceLoader : initialization starting.
2013-09-27 17:44:27,649 - ClasspathResourceLoader : initialization complete.
2013-09-27 17:44:27,651 - ResourceCache : initialized. (class org.apache.velocity.runtime.resource.ResourceCacheImpl)
2013-09-27 17:44:27,651 - Default ResourceManager initialization complete.
2013-09-27 17:44:27,652 - Loaded System Directive: org.apache.velocity.runtime.directive.Literal
2013-09-27 17:44:27,654 - Loaded System Directive: org.apache.velocity.runtime.directive.Macro
2013-09-27 17:44:27,657 - Loaded System Directive: org.apache.velocity.runtime.directive.Parse
2013-09-27 17:44:27,658 - Loaded System Directive: org.apache.velocity.runtime.directive.Include
2013-09-27 17:44:27,659 - Loaded System Directive: org.apache.velocity.runtime.directive.Foreach
2013-09-27 17:44:27,688 - Created: 20 parsers.
2013-09-27 17:44:27,695 - Velocimacro : initialization starting.
2013-09-27 17:44:27,695 - Velocimacro : adding VMs from VM library template : VM_global_library.vm
2013-09-27 17:44:27,700 - ResourceManager : unable to find resource 'VM_global_library.vm' in any resource loader.
2013-09-27 17:44:27,700 - Velocimacro : error using  VM library template VM_global_library.vm : org.apache.velocity.exception.ResourceNotFoundException: Unable to find resource 'VM_global_library.vm'
2013-09-27 17:44:27,700 - Velocimacro :  VM library template macro registration complete.
2013-09-27 17:44:27,700 - Velocimacro : allowInline = true : VMs can be defined inline in templates
2013-09-27 17:44:27,700 - Velocimacro : allowInlineToOverride = false : VMs defined inline may NOT replace previous VM definitions
2013-09-27 17:44:27,700 - Velocimacro : allowInlineLocal = false : VMs defined inline will be  global in scope if allowed.
2013-09-27 17:44:27,700 - Velocimacro : messages on  : VM system will output logging messages
2013-09-27 17:44:27,700 - Velocimacro : autoload off  : VM system will not automatically reload global library macros
2013-09-27 17:44:27,700 - Velocimacro : initialization complete.
2013-09-27 17:44:27,700 - Velocity successfully started.
2013-09-27 17:45:46,173 - SimpleLog4JLogSystem initialized using logfile 'velocity.log'
2013-09-27 17:45:46,173 - ************************************************************** 
2013-09-27 17:45:46,173 - Starting Jakarta Velocity v1.4
2013-09-27 17:45:46,173 - RuntimeInstance initializing.
2013-09-27 17:45:46,173 - Default Properties File: org/apache/velocity/runtime/defaults/velocity.properties
2013-09-27 17:45:46,173 - Trying to use logger class org.apache.velocity.runtime.log.SimpleLog4JLogSystem
2013-09-27 17:45:46,173 - Using logger class org.apache.velocity.runtime.log.SimpleLog4JLogSystem
2013-09-27 17:45:46,176 - Default ResourceManager initializing. (class org.apache.velocity.runtime.resource.ResourceManagerImpl)
2013-09-27 17:45:46,179 - Resource Loader Instantiated: org.apache.velocity.runtime.resource.loader.ClasspathResourceLoader
2013-09-27 17:45:46,179 - ClasspathResourceLoader : initialization starting.
2013-09-27 17:45:46,179 - ClasspathResourceLoader : initialization complete.
2013-09-27 17:45:46,181 - ResourceCache : initialized. (class org.apache.velocity.runtime.resource.ResourceCacheImpl)
2013-09-27 17:45:46,181 - Default ResourceManager initialization complete.
2013-09-27 17:45:46,182 - Loaded System Directive: org.apache.velocity.runtime.directive.Literal
2013-09-27 17:45:46,184 - Loaded System Directive: org.apache.velocity.runtime.directive.Macro
2013-09-27 17:45:46,186 - Loaded System Directive: org.apache.velocity.runtime.directive.Parse
2013-09-27 17:45:46,188 - Loaded System Directive: org.apache.velocity.runtime.directive.Include
2013-09-27 17:45:46,189 - Loaded System Directive: org.apache.velocity.runtime.directive.Foreach
2013-09-27 17:45:46,214 - Created: 20 parsers.
2013-09-27 17:45:46,220 - Velocimacro : initialization starting.
2013-09-27 17:45:46,221 - Velocimacro : adding VMs from VM library template : VM_global_library.vm
2013-09-27 17:45:46,225 - ResourceManager : unable to find resource 'VM_global_library.vm' in any resource loader.
2013-09-27 17:45:46,225 - Velocimacro : error using  VM library template VM_global_library.vm : org.apache.velocity.exception.ResourceNotFoundException: Unable to find resource 'VM_global_library.vm'
2013-09-27 17:45:46,225 - Velocimacro :  VM library template macro registration complete.
2013-09-27 17:45:46,225 - Velocimacro : allowInline = true : VMs can be defined inline in templates
2013-09-27 17:45:46,225 - Velocimacro : allowInlineToOverride = false : VMs defined inline may NOT replace previous VM definitions
2013-09-27 17:45:46,225 - Velocimacro : allowInlineLocal = false : VMs defined inline will be  global in scope if allowed.
2013-09-27 17:45:46,225 - Velocimacro : messages on  : VM system will output logging messages
2013-09-27 17:45:46,225 - Velocimacro : autoload off  : VM system will not automatically reload global library macros
2013-09-27 17:45:46,225 - Velocimacro : initialization complete.
2013-09-27 17:45:46,225 - Velocity successfully started.
2013-09-27 17:51:16,132 - SimpleLog4JLogSystem initialized using logfile 'velocity.log'
2013-09-27 17:51:16,132 - ************************************************************** 
2013-09-27 17:51:16,132 - Starting Jakarta Velocity v1.4
2013-09-27 17:51:16,132 - RuntimeInstance initializing.
2013-09-27 17:51:16,132 - Default Properties File: org/apache/velocity/runtime/defaults/velocity.properties
2013-09-27 17:51:16,132 - Trying to use logger class org.apache.velocity.runtime.log.SimpleLog4JLogSystem
2013-09-27 17:51:16,132 - Using logger class org.apache.velocity.runtime.log.SimpleLog4JLogSystem
2013-09-27 17:51:16,137 - Default ResourceManager initializing. (class org.apache.velocity.runtime.resource.ResourceManagerImpl)
2013-09-27 17:51:16,140 - Resource Loader Instantiated: org.apache.velocity.runtime.resource.loader.ClasspathResourceLoader
2013-09-27 17:51:16,141 - ClasspathResourceLoader : initialization starting.
2013-09-27 17:51:16,141 - ClasspathResourceLoader : initialization complete.
2013-09-27 17:51:16,143 - ResourceCache : initialized. (class org.apache.velocity.runtime.resource.ResourceCacheImpl)
2013-09-27 17:51:16,143 - Default ResourceManager initialization complete.
2013-09-27 17:51:16,145 - Loaded System Directive: org.apache.velocity.runtime.directive.Literal
2013-09-27 17:51:16,146 - Loaded System Directive: org.apache.velocity.runtime.directive.Macro
2013-09-27 17:51:16,149 - Loaded System Directive: org.apache.velocity.runtime.directive.Parse
2013-09-27 17:51:16,151 - Loaded System Directive: org.apache.velocity.runtime.directive.Include
2013-09-27 17:51:16,152 - Loaded System Directive: org.apache.velocity.runtime.directive.Foreach
2013-09-27 17:51:16,182 - Created: 20 parsers.
2013-09-27 17:51:16,191 - Velocimacro : initialization starting.
2013-09-27 17:51:16,191 - Velocimacro : adding VMs from VM library template : VM_global_library.vm
2013-09-27 17:51:16,196 - ResourceManager : unable to find resource 'VM_global_library.vm' in any resource loader.
2013-09-27 17:51:16,196 - Velocimacro : error using  VM library template VM_global_library.vm : org.apache.velocity.exception.ResourceNotFoundException: Unable to find resource 'VM_global_library.vm'
2013-09-27 17:51:16,196 - Velocimacro :  VM library template macro registration complete.
2013-09-27 17:51:16,196 - Velocimacro : allowInline = true : VMs can be defined inline in templates
2013-09-27 17:51:16,196 - Velocimacro : allowInlineToOverride = false : VMs defined inline may NOT replace previous VM definitions
2013-09-27 17:51:16,196 - Velocimacro : allowInlineLocal = false : VMs defined inline will be  global in scope if allowed.
2013-09-27 17:51:16,196 - Velocimacro : messages on  : VM system will output logging messages
2013-09-27 17:51:16,197 - Velocimacro : autoload off  : VM system will not automatically reload global library macros
2013-09-27 17:51:16,197 - Velocimacro : initialization complete.
2013-09-27 17:51:16,197 - Velocity successfully started.
2013-09-27 18:05:05,088 - SimpleLog4JLogSystem initialized using logfile 'velocity.log'
2013-09-27 18:05:05,100 - ************************************************************** 
2013-09-27 18:05:05,100 - Starting Jakarta Velocity v1.4
2013-09-27 18:05:05,100 - RuntimeInstance initializing.
2013-09-27 18:05:05,100 - Default Properties File: org/apache/velocity/runtime/defaults/velocity.properties
2013-09-27 18:05:05,100 - Trying to use logger class org.apache.velocity.runtime.log.SimpleLog4JLogSystem
2013-09-27 18:05:05,100 - Using logger class org.apache.velocity.runtime.log.SimpleLog4JLogSystem
2013-09-27 18:05:05,106 - Default ResourceManager initializing. (class org.apache.velocity.runtime.resource.ResourceManagerImpl)
2013-09-27 18:05:05,110 - Resource Loader Instantiated: org.apache.velocity.runtime.resource.loader.ClasspathResourceLoader
2013-09-27 18:05:05,110 - ClasspathResourceLoader : initialization starting.
2013-09-27 18:05:05,110 - ClasspathResourceLoader : initialization complete.
2013-09-27 18:05:05,112 - ResourceCache : initialized. (class org.apache.velocity.runtime.resource.ResourceCacheImpl)
2013-09-27 18:05:05,112 - Default ResourceManager initialization complete.
2013-09-27 18:05:05,113 - Loaded System Directive: org.apache.velocity.runtime.directive.Literal
2013-09-27 18:05:05,115 - Loaded System Directive: org.apache.velocity.runtime.directive.Macro
2013-09-27 18:05:05,117 - Loaded System Directive: org.apache.velocity.runtime.directive.Parse
2013-09-27 18:05:05,119 - Loaded System Directive: org.apache.velocity.runtime.directive.Include
2013-09-27 18:05:05,120 - Loaded System Directive: org.apache.velocity.runtime.directive.Foreach
2013-09-27 18:05:05,154 - Created: 20 parsers.
2013-09-27 18:05:05,162 - Velocimacro : initialization starting.
2013-09-27 18:05:05,162 - Velocimacro : adding VMs from VM library template : VM_global_library.vm
2013-09-27 18:05:05,168 - ResourceManager : unable to find resource 'VM_global_library.vm' in any resource loader.
2013-09-27 18:05:05,168 - Velocimacro : error using  VM library template VM_global_library.vm : org.apache.velocity.exception.ResourceNotFoundException: Unable to find resource 'VM_global_library.vm'
2013-09-27 18:05:05,168 - Velocimacro :  VM library template macro registration complete.
2013-09-27 18:05:05,168 - Velocimacro : allowInline = true : VMs can be defined inline in templates
2013-09-27 18:05:05,168 - Velocimacro : allowInlineToOverride = false : VMs defined inline may NOT replace previous VM definitions
2013-09-27 18:05:05,168 - Velocimacro : allowInlineLocal = false : VMs defined inline will be  global in scope if allowed.
2013-09-27 18:05:05,168 - Velocimacro : messages on  : VM system will output logging messages
2013-09-27 18:05:05,169 - Velocimacro : autoload off  : VM system will not automatically reload global library macros
2013-09-27 18:05:05,169 - Velocimacro : initialization complete.
2013-09-27 18:05:05,169 - Velocity successfully started.
